<?xml version="1.0" encoding="UTF-8" ?>
<testsuite tests="1" failures="0" name="com.wang.AppTest" time="0.001" errors="0" skipped="0">
  <properties>
    <property name="idea.version" value="2022.2.3"/>
    <property name="java.runtime.name" value="Java(TM) SE Runtime Environment"/>
    <property name="sun.boot.library.path" value="D:\env\jdk1.8.0_333\jre\bin"/>
    <property name="java.vm.version" value="25.333-b02"/>
    <property name="maven.wagon.http.ssl.insecure" value="true"/>
    <property name="java.vm.vendor" value="Oracle Corporation"/>
    <property name="maven.multiModuleProjectDirectory" value="D:\java-project\study-code\io-study"/>
    <property name="java.vendor.url" value="http://java.oracle.com/"/>
    <property name="path.separator" value=";"/>
    <property name="guice.disable.misplaced.annotation.check" value="true"/>
    <property name="java.vm.name" value="Java HotSpot(TM) 64-Bit Server VM"/>
    <property name="file.encoding.pkg" value="sun.io"/>
    <property name="user.script" value=""/>
    <property name="user.country" value="CN"/>
    <property name="sun.java.launcher" value="SUN_STANDARD"/>
    <property name="sun.os.patch.level" value=""/>
    <property name="java.vm.specification.name" value="Java Virtual Machine Specification"/>
    <property name="user.dir" value="D:\java-project\study-code\io-study"/>
    <property name="java.runtime.version" value="1.8.0_333-b02"/>
    <property name="java.awt.graphicsenv" value="sun.awt.Win32GraphicsEnvironment"/>
    <property name="java.endorsed.dirs" value="D:\env\jdk1.8.0_333\jre\lib\endorsed"/>
    <property name="os.arch" value="amd64"/>
    <property name="java.io.tmpdir" value="C:\Users\37172\AppData\Local\Temp\"/>
    <property name="line.separator" value="
"/>
    <property name="java.vm.specification.vendor" value="Oracle Corporation"/>
    <property name="user.variant" value=""/>
    <property name="os.name" value="Windows 11"/>
    <property name="maven.ext.class.path" value="D:\softwares\IntelliJ IDEA 2022.2.3\plugins\maven\lib\maven-event-listener.jar"/>
    <property name="archetypeCatalog" value="internal"/>
    <property name="classworlds.conf" value="D:\env\apache-maven-3.8.5\bin\m2.conf"/>
    <property name="sun.jnu.encoding" value="GBK"/>
    <property name="java.library.path" value="D:\env\jdk1.8.0_333\bin;C:\WINDOWS\Sun\Java\bin;C:\WINDOWS\system32;C:\WINDOWS;E:\softwaresE\VMWare\bin\;C:\Windows\system32;C:\Windows;C:\Windows\System32\Wbem;C:\Windows\System32\WindowsPowerShell\v1.0\;C:\Windows\System32\OpenSSH\;C:\Program Files (x86)\NVIDIA Corporation\PhysX\Common;C:\Program Files\NVIDIA Corporation\NVIDIA NvDLISR;C:\WINDOWS\system32;C:\WINDOWS;C:\WINDOWS\System32\Wbem;C:\WINDOWS\System32\WindowsPowerShell\v1.0\;C:\WINDOWS\System32\OpenSSH\;C:\Program Files\dotnet\;D:\env\jdk1.8.0_333\bin;D:\env\apache-maven-3.8.5\bin;D:\env\mysql-8.0.28\bin;D:\softwares\Git\cmd;D:\softwares\Xshell7\;D:\env\python310;D:\env\python310\Scripts;D:\env\nodejs15-14-0\;D:\env\nodejs15-14-0\npm-data\npm-global;C:\Users\37172\AppData\Local\Microsoft\WindowsApps;;D:\softwares\IntelliJ IDEA 2022.2.3\bin;;D:\softwares\Pycharm\PyCharm 2022.2.3\bin;;D:\softwares\Microsoft VS Code\bin;C:\Users\37172\AppData\Roaming\npm;."/>
    <property name="maven.conf" value="D:\env\apache-maven-3.8.5/conf"/>
    <property name="java.specification.name" value="Java Platform API Specification"/>
    <property name="java.class.version" value="52.0"/>
    <property name="sun.management.compiler" value="HotSpot 64-Bit Tiered Compilers"/>
    <property name="maven.repo.local" value="D:\env\apache-maven-3.8.5\repository"/>
    <property name="os.version" value="10.0"/>
    <property name="maven.wagon.http.ssl.allowall" value="true"/>
    <property name="user.home" value="C:\Users\37172"/>
    <property name="user.timezone" value="Asia/Shanghai"/>
    <property name="java.awt.printerjob" value="sun.awt.windows.WPrinterJob"/>
    <property name="java.specification.version" value="1.8"/>
    <property name="file.encoding" value="UTF-8"/>
    <property name="user.name" value="37172"/>
    <property name="java.class.path" value="D:\env\apache-maven-3.8.5\boot\plexus-classworlds-2.6.0.jar;D:\env\apache-maven-3.8.5\boot\plexus-classworlds.license;D:\softwares\IntelliJ IDEA 2022.2.3\lib\idea_rt.jar"/>
    <property name="java.vm.specification.version" value="1.8"/>
    <property name="sun.arch.data.model" value="64"/>
    <property name="java.home" value="D:\env\jdk1.8.0_333\jre"/>
    <property name="sun.java.command" value="org.codehaus.classworlds.Launcher -Didea.version=2022.2.3 -s D:\env\apache-maven-3.8.5\conf\settings.xml -Dmaven.repo.local=D:\env\apache-maven-3.8.5\repository install"/>
    <property name="java.specification.vendor" value="Oracle Corporation"/>
    <property name="user.language" value="zh"/>
    <property name="awt.toolkit" value="sun.awt.windows.WToolkit"/>
    <property name="java.vm.info" value="mixed mode"/>
    <property name="java.version" value="1.8.0_333"/>
    <property name="java.ext.dirs" value="D:\env\jdk1.8.0_333\jre\lib\ext;C:\WINDOWS\Sun\Java\lib\ext"/>
    <property name="sun.boot.class.path" value="D:\env\jdk1.8.0_333\jre\lib\resources.jar;D:\env\jdk1.8.0_333\jre\lib\rt.jar;D:\env\jdk1.8.0_333\jre\lib\sunrsasign.jar;D:\env\jdk1.8.0_333\jre\lib\jsse.jar;D:\env\jdk1.8.0_333\jre\lib\jce.jar;D:\env\jdk1.8.0_333\jre\lib\charsets.jar;D:\env\jdk1.8.0_333\jre\lib\jfr.jar;D:\env\jdk1.8.0_333\jre\classes"/>
    <property name="maven.wagon.http.ssl.ignore.validity.dates" value="true"/>
    <property name="java.vendor" value="Oracle Corporation"/>
    <property name="maven.home" value="D:\env\apache-maven-3.8.5"/>
    <property name="file.separator" value="\"/>
    <property name="java.vendor.url.bug" value="http://bugreport.sun.com/bugreport/"/>
    <property name="sun.cpu.endian" value="little"/>
    <property name="sun.io.unicode.encoding" value="UnicodeLittle"/>
    <property name="sun.desktop" value="windows"/>
    <property name="sun.cpu.isalist" value="amd64"/>
  </properties>
  <testcase classname="com.wang.AppTest" name="testApp" time="0.001"/>
</testsuite>